app/build/intermediates/manifest_merge_blame_file/debug/manifest-merger-blame-debug-report.txt
1<?xml version="1.0" encoding="utf-8"?>
2<manifest xmlns:android="http://schemas.android.com/apk/res/android"
3    package="com.example.smartlogistics"
4    android:versionCode="1"
5    android:versionName="1.0.0" >
6
7    <uses-sdk
8        android:minSdkVersion="26"
9        android:targetSdkVersion="34" />
10
11    <!-- 网络权限 -->
12    <uses-permission android:name="android.permission.INTERNET" />
12-->src\main\AndroidManifest.xml:6:5-67
12-->src\main\AndroidManifest.xml:6:22-64
13    <uses-permission android:name="android.permission.ACCESS_NETWORK_STATE" />
13-->src\main\AndroidManifest.xml:7:5-79
13-->src\main\AndroidManifest.xml:7:22-76
14
15    <!-- ==================== 高德地图所需权限 ==================== -->
16    <!-- 定位权限 -->
17    <uses-permission android:name="android.permission.ACCESS_COARSE_LOCATION" />
17-->src\main\AndroidManifest.xml:11:5-81
17-->src\main\AndroidManifest.xml:11:22-78
18    <uses-permission android:name="android.permission.ACCESS_FINE_LOCATION" />
18-->src\main\AndroidManifest.xml:12:5-79
18-->src\main\AndroidManifest.xml:12:22-76
19    <!-- 后台定位权限 (Android 10+) -->
20    <uses-permission android:name="android.permission.ACCESS_BACKGROUND_LOCATION" />
20-->src\main\AndroidManifest.xml:14:5-85
20-->src\main\AndroidManifest.xml:14:22-82
21
22    <!-- WiFi状态权限 -->
23    <uses-permission android:name="android.permission.ACCESS_WIFI_STATE" />
23-->src\main\AndroidManifest.xml:17:5-76
23-->src\main\AndroidManifest.xml:17:22-73
24    <uses-permission android:name="android.permission.CHANGE_WIFI_STATE" />
24-->src\main\AndroidManifest.xml:18:5-76
24-->src\main\AndroidManifest.xml:18:22-73
25
26    <!-- 存储权限 (离线地图) -->
27    <uses-permission
27-->src\main\AndroidManifest.xml:21:5-22:38
28        android:name="android.permission.WRITE_EXTERNAL_STORAGE"
28-->src\main\AndroidManifest.xml:21:22-78
29        android:maxSdkVersion="28" />
29-->src\main\AndroidManifest.xml:22:9-35
30    <uses-permission
30-->src\main\AndroidManifest.xml:23:5-24:38
31        android:name="android.permission.READ_EXTERNAL_STORAGE"
31-->src\main\AndroidManifest.xml:23:22-77
32        android:maxSdkVersion="32" />
32-->src\main\AndroidManifest.xml:24:9-35
33
34    <!-- 电话状态权限 (获取设备ID) -->
35    <uses-permission android:name="android.permission.READ_PHONE_STATE" />
35-->src\main\AndroidManifest.xml:27:5-75
35-->src\main\AndroidManifest.xml:27:22-72
36
37    <!-- 蓝牙权限 (室内定位) -->
38    <uses-permission android:name="android.permission.BLUETOOTH" />
38-->src\main\AndroidManifest.xml:30:5-68
38-->src\main\AndroidManifest.xml:30:22-65
39    <uses-permission android:name="android.permission.BLUETOOTH_ADMIN" />
39-->src\main\AndroidManifest.xml:31:5-74
39-->src\main\AndroidManifest.xml:31:22-71
40    <uses-permission android:name="android.permission.USE_BIOMETRIC" /> <!-- suppress DeprecatedClassUsageInspection -->
40-->[androidx.biometric:biometric:1.1.0] AndroidManifest.xml:24:5-72
40-->[androidx.biometric:biometric:1.1.0] AndroidManifest.xml:24:22-69
41    <uses-permission android:name="android.permission.USE_FINGERPRINT" />
41-->[androidx.biometric:biometric:1.1.0] AndroidManifest.xml:27:5-74
41-->[androidx.biometric:biometric:1.1.0] AndroidManifest.xml:27:22-71
42
43    <permission
43-->[androidx.core:core:1.12.0] AndroidManifest.xml:22:5-24:47
44        android:name="com.example.smartlogistics.DYNAMIC_RECEIVER_NOT_EXPORTED_PERMISSION"
44-->[androidx.core:core:1.12.0] AndroidManifest.xml:23:9-81
45        android:protectionLevel="signature" />
45-->[androidx.core:core:1.12.0] AndroidManifest.xml:24:9-44
46
47    <uses-permission android:name="com.example.smartlogistics.DYNAMIC_RECEIVER_NOT_EXPORTED_PERMISSION" />
47-->[androidx.core:core:1.12.0] AndroidManifest.xml:26:5-97
47-->[androidx.core:core:1.12.0] AndroidManifest.xml:26:22-94
48
49    <application
49-->src\main\AndroidManifest.xml:33:5-63:19
50        android:name="com.example.smartlogistics.SmartLogisticsApp"
50-->src\main\AndroidManifest.xml:34:9-42
51        android:allowBackup="true"
51-->src\main\AndroidManifest.xml:35:9-35
52        android:appComponentFactory="androidx.core.app.CoreComponentFactory"
52-->[androidx.core:core:1.12.0] AndroidManifest.xml:28:18-86
53        android:debuggable="true"
54        android:extractNativeLibs="false"
55        android:icon="@mipmap/ic_launcher"
55-->src\main\AndroidManifest.xml:36:9-43
56        android:label="@string/app_name"
56-->src\main\AndroidManifest.xml:37:9-41
57        android:roundIcon="@mipmap/ic_launcher_round"
57-->src\main\AndroidManifest.xml:38:9-54
58        android:supportsRtl="true"
58-->src\main\AndroidManifest.xml:39:9-35
59        android:testOnly="true"
60        android:theme="@style/Theme.SmartLogistics"
60-->src\main\AndroidManifest.xml:40:9-52
61        android:usesCleartextTraffic="true" >
61-->src\main\AndroidManifest.xml:41:9-44
62
63        <!-- ==================== 高德地图 API Key ==================== -->
64        <meta-data
64-->src\main\AndroidManifest.xml:45:9-47:64
65            android:name="com.amap.api.v2.apikey"
65-->src\main\AndroidManifest.xml:46:13-50
66            android:value="6c95b0c5490bebdd54a643f21139f262" />
66-->src\main\AndroidManifest.xml:47:13-61
67
68        <!-- 高德定位服务 -->
69        <service android:name="com.amap.api.location.APSService" />
69-->src\main\AndroidManifest.xml:50:9-68
69-->src\main\AndroidManifest.xml:50:18-65
70
71        <activity
71-->src\main\AndroidManifest.xml:52:9-62:20
72            android:name="com.example.smartlogistics.MainActivity"
72-->src\main\AndroidManifest.xml:53:13-41
73            android:exported="true"
73-->src\main\AndroidManifest.xml:54:13-36
74            android:label="@string/app_name"
74-->src\main\AndroidManifest.xml:55:13-45
75            android:theme="@style/Theme.SmartLogistics"
75-->src\main\AndroidManifest.xml:56:13-56
76            android:windowSoftInputMode="adjustResize" >
76-->src\main\AndroidManifest.xml:57:13-55
77            <intent-filter>
77-->src\main\AndroidManifest.xml:58:13-61:29
78                <action android:name="android.intent.action.MAIN" />
78-->src\main\AndroidManifest.xml:59:17-69
78-->src\main\AndroidManifest.xml:59:25-66
79
80                <category android:name="android.intent.category.LAUNCHER" />
80-->src\main\AndroidManifest.xml:60:17-77
80-->src\main\AndroidManifest.xml:60:27-74
81            </intent-filter>
82        </activity>
83        <activity
83-->[androidx.compose.ui:ui-tooling-android:1.6.1] AndroidManifest.xml:23:9-25:39
84            android:name="androidx.compose.ui.tooling.PreviewActivity"
84-->[androidx.compose.ui:ui-tooling-android:1.6.1] AndroidManifest.xml:24:13-71
85            android:exported="true" />
85-->[androidx.compose.ui:ui-tooling-android:1.6.1] AndroidManifest.xml:25:13-36
86        <activity
86-->[androidx.compose.ui:ui-test-manifest:1.6.1] AndroidManifest.xml:23:9-25:39
87            android:name="androidx.activity.ComponentActivity"
87-->[androidx.compose.ui:ui-test-manifest:1.6.1] AndroidManifest.xml:24:13-63
88            android:exported="true" />
88-->[androidx.compose.ui:ui-test-manifest:1.6.1] AndroidManifest.xml:25:13-36
89
90        <provider
90-->[androidx.emoji2:emoji2:1.3.0] AndroidManifest.xml:24:9-32:20
91            android:name="androidx.startup.InitializationProvider"
91-->[androidx.emoji2:emoji2:1.3.0] AndroidManifest.xml:25:13-67
92            android:authorities="com.example.smartlogistics.androidx-startup"
92-->[androidx.emoji2:emoji2:1.3.0] AndroidManifest.xml:26:13-68
93            android:exported="false" >
93-->[androidx.emoji2:emoji2:1.3.0] AndroidManifest.xml:27:13-37
94            <meta-data
94-->[androidx.emoji2:emoji2:1.3.0] AndroidManifest.xml:29:13-31:52
95                android:name="androidx.emoji2.text.EmojiCompatInitializer"
95-->[androidx.emoji2:emoji2:1.3.0] AndroidManifest.xml:30:17-75
96                android:value="androidx.startup" />
96-->[androidx.emoji2:emoji2:1.3.0] AndroidManifest.xml:31:17-49
97            <meta-data
97-->[androidx.lifecycle:lifecycle-process:2.7.0] AndroidManifest.xml:29:13-31:52
98                android:name="androidx.lifecycle.ProcessLifecycleInitializer"
98-->[androidx.lifecycle:lifecycle-process:2.7.0] AndroidManifest.xml:30:17-78
99                android:value="androidx.startup" />
99-->[androidx.lifecycle:lifecycle-process:2.7.0] AndroidManifest.xml:31:17-49
100            <meta-data
100-->[androidx.profileinstaller:profileinstaller:1.3.0] AndroidManifest.xml:29:13-31:52
101                android:name="androidx.profileinstaller.ProfileInstallerInitializer"
101-->[androidx.profileinstaller:profileinstaller:1.3.0] AndroidManifest.xml:30:17-85
102                android:value="androidx.startup" />
102-->[androidx.profileinstaller:profileinstaller:1.3.0] AndroidManifest.xml:31:17-49
103        </provider>
104
105        <receiver
105-->[androidx.profileinstaller:profileinstaller:1.3.0] AndroidManifest.xml:34:9-52:20
106            android:name="androidx.profileinstaller.ProfileInstallReceiver"
106-->[androidx.profileinstaller:profileinstaller:1.3.0] AndroidManifest.xml:35:13-76
107            android:directBootAware="false"
107-->[androidx.profileinstaller:profileinstaller:1.3.0] AndroidManifest.xml:36:13-44
108            android:enabled="true"
108-->[androidx.profileinstaller:profileinstaller:1.3.0] AndroidManifest.xml:37:13-35
109            android:exported="true"
109-->[androidx.profileinstaller:profileinstaller:1.3.0] AndroidManifest.xml:38:13-36
110            android:permission="android.permission.DUMP" >
110-->[androidx.profileinstaller:profileinstaller:1.3.0] AndroidManifest.xml:39:13-57
111            <intent-filter>
111-->[androidx.profileinstaller:profileinstaller:1.3.0] AndroidManifest.xml:40:13-42:29
112                <action android:name="androidx.profileinstaller.action.INSTALL_PROFILE" />
112-->[androidx.profileinstaller:profileinstaller:1.3.0] AndroidManifest.xml:41:17-91
112-->[androidx.profileinstaller:profileinstaller:1.3.0] AndroidManifest.xml:41:25-88
113            </intent-filter>
114            <intent-filter>
114-->[androidx.profileinstaller:profileinstaller:1.3.0] AndroidManifest.xml:43:13-45:29
115                <action android:name="androidx.profileinstaller.action.SKIP_FILE" />
115-->[androidx.profileinstaller:profileinstaller:1.3.0] AndroidManifest.xml:44:17-85
115-->[androidx.profileinstaller:profileinstaller:1.3.0] AndroidManifest.xml:44:25-82
116            </intent-filter>
117            <intent-filter>
117-->[androidx.profileinstaller:profileinstaller:1.3.0] AndroidManifest.xml:46:13-48:29
118                <action android:name="androidx.profileinstaller.action.SAVE_PROFILE" />
118-->[androidx.profileinstaller:profileinstaller:1.3.0] AndroidManifest.xml:47:17-88
118-->[androidx.profileinstaller:profileinstaller:1.3.0] AndroidManifest.xml:47:25-85
119            </intent-filter>
120            <intent-filter>
120-->[androidx.profileinstaller:profileinstaller:1.3.0] AndroidManifest.xml:49:13-51:29
121                <action android:name="androidx.profileinstaller.action.BENCHMARK_OPERATION" />
121-->[androidx.profileinstaller:profileinstaller:1.3.0] AndroidManifest.xml:50:17-95
121-->[androidx.profileinstaller:profileinstaller:1.3.0] AndroidManifest.xml:50:25-92
122            </intent-filter>
123        </receiver>
124    </application>
125
126</manifest>